<?xml version="1.0" encoding="UTF-8"?>
<!-- Generated by org.testng.reporters.JUnitXMLReporter -->
<testsuite hostname="NAINI" ignored="0" name="Login Test Chrome" tests="15" failures="0" timestamp="19 May 2021 23:29:47 GMT" time="11.11" errors="0">
  <testcase name="@BeforeClass setup" time="1.861" classname="com.ilogin.testCases.BaseClass">
    <failure type="org.openqa.selenium.SessionNotCreatedException" message="session not created: This version of ChromeDriver only supports Chrome version 88
Current browser version is 90.0.4430.212 with binary path C:\Program Files (x86)\Google\Chrome\Application\chrome.exe
Build info: version: &amp;apos;3.14.0&amp;apos;, revision: &amp;apos;aacccce0&amp;apos;, time: &amp;apos;2018-08-02T20:19:58.91Z&amp;apos;
System info: host: &amp;apos;NAINI&amp;apos;, ip: &amp;apos;192.168.2.158&amp;apos;, os.name: &amp;apos;Windows 10&amp;apos;, os.arch: &amp;apos;amd64&amp;apos;, os.version: &amp;apos;10.0&amp;apos;, java.version: &amp;apos;1.8.0_281&amp;apos;
Driver info: driver.version: ChromeDriver
remote stacktrace: Backtrace:
	GetHandleVerifier [0x00A8B963+483]
	GetHandleVerifier [0x00A8B941+449]
	GetHandleVerifier [0x00E33308+3832712]
	GetHandleVerifier [0x00E4D69A+3940122]
	GetHandleVerifier [0x00E49AFB+3924859]
	GetHandleVerifier [0x00E47D9C+3917340]
	GetHandleVerifier [0x00E6E7FE+4075646]
	GetHandleVerifier [0x00E6E56C+4074988]
	GetHandleVerifier [0x00E6B2EB+4062059]
	GetHandleVerifier [0x00E4ED14+3945876]
	GetHandleVerifier [0x00E4FBCE+3949646]
	GetHandleVerifier [0x00E4FB59+3949529]
	Ordinal0 [0x00A4B5CC+46540]
	Ordinal0 [0x00A49F53+40787]
	Ordinal0 [0x00A49B12+39698]
	GetHandleVerifier [0x00D51468+2907368]
	GetHandleVerifier [0x00B971EE+1096302]
	GetHandleVerifier [0x00B53E8D+821005]
	GetHandleVerifier [0x00B5396B+819691]
	GetHandleVerifier [0x00B53881+819457]
	GetHandleVerifier [0x00B7F463+998627]
	BaseThreadInitThunk [0x7716FA29+25]
	RtlGetAppContainerNamedObjectPath [0x77BB7A7E+286]
	RtlGetAppContainerNamedObjectPath [0x77BB7A4E+238]
">
      <![CDATA[org.openqa.selenium.SessionNotCreatedException: session not created: This version of ChromeDriver only supports Chrome version 88
Current browser version is 90.0.4430.212 with binary path C:\Program Files (x86)\Google\Chrome\Application\chrome.exe
Build info: version: '3.14.0', revision: 'aacccce0', time: '2018-08-02T20:19:58.91Z'
System info: host: 'NAINI', ip: '192.168.2.158', os.name: 'Windows 10', os.arch: 'amd64', os.version: '10.0', java.version: '1.8.0_281'
Driver info: driver.version: ChromeDriver
remote stacktrace: Backtrace:
GetHandleVerifier [0x00A8B963+483]
GetHandleVerifier [0x00A8B941+449]
GetHandleVerifier [0x00E33308+3832712]
GetHandleVerifier [0x00E4D69A+3940122]
GetHandleVerifier [0x00E49AFB+3924859]
GetHandleVerifier [0x00E47D9C+3917340]
GetHandleVerifier [0x00E6E7FE+4075646]
GetHandleVerifier [0x00E6E56C+4074988]
GetHandleVerifier [0x00E6B2EB+4062059]
GetHandleVerifier [0x00E4ED14+3945876]
GetHandleVerifier [0x00E4FBCE+3949646]
GetHandleVerifier [0x00E4FB59+3949529]
Ordinal0 [0x00A4B5CC+46540]
Ordinal0 [0x00A49F53+40787]
Ordinal0 [0x00A49B12+39698]
GetHandleVerifier [0x00D51468+2907368]
GetHandleVerifier [0x00B971EE+1096302]
GetHandleVerifier [0x00B53E8D+821005]
GetHandleVerifier [0x00B5396B+819691]
GetHandleVerifier [0x00B53881+819457]
GetHandleVerifier [0x00B7F463+998627]
BaseThreadInitThunk [0x7716FA29+25]
RtlGetAppContainerNamedObjectPath [0x77BB7A7E+286]
RtlGetAppContainerNamedObjectPath [0x77BB7A4E+238]

at org.openqa.selenium.remote.W3CHandshakeResponse.lambda$new$0(W3CHandshakeResponse.java:57)
at org.openqa.selenium.remote.W3CHandshakeResponse.lambda$getResponseFunction$2(W3CHandshakeResponse.java:104)
at org.openqa.selenium.remote.ProtocolHandshake.lambda$createSession$0(ProtocolHandshake.java:122)
at java.util.stream.ReferencePipeline$3$1.accept(Unknown Source)
at java.util.Spliterators$ArraySpliterator.tryAdvance(Unknown Source)
at java.util.stream.ReferencePipeline.forEachWithCancel(Unknown Source)
at java.util.stream.AbstractPipeline.copyIntoWithCancel(Unknown Source)
at java.util.stream.AbstractPipeline.copyInto(Unknown Source)
at java.util.stream.AbstractPipeline.wrapAndCopyInto(Unknown Source)
at java.util.stream.FindOps$FindOp.evaluateSequential(Unknown Source)
at java.util.stream.AbstractPipeline.evaluate(Unknown Source)
at java.util.stream.ReferencePipeline.findFirst(Unknown Source)
at org.openqa.selenium.remote.ProtocolHandshake.createSession(ProtocolHandshake.java:125)
at org.openqa.selenium.remote.ProtocolHandshake.createSession(ProtocolHandshake.java:73)
at org.openqa.selenium.remote.HttpCommandExecutor.execute(HttpCommandExecutor.java:136)
at org.openqa.selenium.remote.service.DriverCommandExecutor.execute(DriverCommandExecutor.java:83)
at org.openqa.selenium.remote.RemoteWebDriver.execute(RemoteWebDriver.java:548)
at org.openqa.selenium.remote.RemoteWebDriver.startSession(RemoteWebDriver.java:212)
at org.openqa.selenium.remote.RemoteWebDriver.<init>(RemoteWebDriver.java:130)
at org.openqa.selenium.chrome.ChromeDriver.<init>(ChromeDriver.java:181)
at org.openqa.selenium.chrome.ChromeDriver.<init>(ChromeDriver.java:168)
at org.openqa.selenium.chrome.ChromeDriver.<init>(ChromeDriver.java:123)
at com.ilogin.testCases.BaseClass.setup(BaseClass.java:42)
... Removed 30 stack frames]]>
    </failure>
  </testcase> <!-- @BeforeClass setup -->
  <testcase name="@AfterClass tearDown" time="0.0" classname="com.ilogin.testCases.BaseClass">
    <skipped/>
  </testcase> <!-- @AfterClass tearDown -->
  <testcase name="@BeforeClass setup" time="1.748" classname="com.ilogin.testCases.BaseClass">
    <failure type="org.openqa.selenium.SessionNotCreatedException" message="session not created: This version of ChromeDriver only supports Chrome version 88
Current browser version is 90.0.4430.212 with binary path C:\Program Files (x86)\Google\Chrome\Application\chrome.exe
Build info: version: &amp;apos;3.14.0&amp;apos;, revision: &amp;apos;aacccce0&amp;apos;, time: &amp;apos;2018-08-02T20:19:58.91Z&amp;apos;
System info: host: &amp;apos;NAINI&amp;apos;, ip: &amp;apos;192.168.2.158&amp;apos;, os.name: &amp;apos;Windows 10&amp;apos;, os.arch: &amp;apos;amd64&amp;apos;, os.version: &amp;apos;10.0&amp;apos;, java.version: &amp;apos;1.8.0_281&amp;apos;
Driver info: driver.version: ChromeDriver
remote stacktrace: Backtrace:
	GetHandleVerifier [0x00A8B963+483]
	GetHandleVerifier [0x00A8B941+449]
	GetHandleVerifier [0x00E33308+3832712]
	GetHandleVerifier [0x00E4D69A+3940122]
	GetHandleVerifier [0x00E49AFB+3924859]
	GetHandleVerifier [0x00E47D9C+3917340]
	GetHandleVerifier [0x00E6E7FE+4075646]
	GetHandleVerifier [0x00E6E56C+4074988]
	GetHandleVerifier [0x00E6B2EB+4062059]
	GetHandleVerifier [0x00E4ED14+3945876]
	GetHandleVerifier [0x00E4FBCE+3949646]
	GetHandleVerifier [0x00E4FB59+3949529]
	Ordinal0 [0x00A4B5CC+46540]
	Ordinal0 [0x00A49F53+40787]
	Ordinal0 [0x00A49B12+39698]
	GetHandleVerifier [0x00D51468+2907368]
	GetHandleVerifier [0x00B971EE+1096302]
	GetHandleVerifier [0x00B53E8D+821005]
	GetHandleVerifier [0x00B5396B+819691]
	GetHandleVerifier [0x00B53881+819457]
	GetHandleVerifier [0x00B7F463+998627]
	BaseThreadInitThunk [0x7716FA29+25]
	RtlGetAppContainerNamedObjectPath [0x77BB7A7E+286]
	RtlGetAppContainerNamedObjectPath [0x77BB7A4E+238]
">
      <![CDATA[org.openqa.selenium.SessionNotCreatedException: session not created: This version of ChromeDriver only supports Chrome version 88
Current browser version is 90.0.4430.212 with binary path C:\Program Files (x86)\Google\Chrome\Application\chrome.exe
Build info: version: '3.14.0', revision: 'aacccce0', time: '2018-08-02T20:19:58.91Z'
System info: host: 'NAINI', ip: '192.168.2.158', os.name: 'Windows 10', os.arch: 'amd64', os.version: '10.0', java.version: '1.8.0_281'
Driver info: driver.version: ChromeDriver
remote stacktrace: Backtrace:
GetHandleVerifier [0x00A8B963+483]
GetHandleVerifier [0x00A8B941+449]
GetHandleVerifier [0x00E33308+3832712]
GetHandleVerifier [0x00E4D69A+3940122]
GetHandleVerifier [0x00E49AFB+3924859]
GetHandleVerifier [0x00E47D9C+3917340]
GetHandleVerifier [0x00E6E7FE+4075646]
GetHandleVerifier [0x00E6E56C+4074988]
GetHandleVerifier [0x00E6B2EB+4062059]
GetHandleVerifier [0x00E4ED14+3945876]
GetHandleVerifier [0x00E4FBCE+3949646]
GetHandleVerifier [0x00E4FB59+3949529]
Ordinal0 [0x00A4B5CC+46540]
Ordinal0 [0x00A49F53+40787]
Ordinal0 [0x00A49B12+39698]
GetHandleVerifier [0x00D51468+2907368]
GetHandleVerifier [0x00B971EE+1096302]
GetHandleVerifier [0x00B53E8D+821005]
GetHandleVerifier [0x00B5396B+819691]
GetHandleVerifier [0x00B53881+819457]
GetHandleVerifier [0x00B7F463+998627]
BaseThreadInitThunk [0x7716FA29+25]
RtlGetAppContainerNamedObjectPath [0x77BB7A7E+286]
RtlGetAppContainerNamedObjectPath [0x77BB7A4E+238]

at org.openqa.selenium.remote.W3CHandshakeResponse.lambda$new$0(W3CHandshakeResponse.java:57)
at org.openqa.selenium.remote.W3CHandshakeResponse.lambda$getResponseFunction$2(W3CHandshakeResponse.java:104)
at org.openqa.selenium.remote.ProtocolHandshake.lambda$createSession$0(ProtocolHandshake.java:122)
at java.util.stream.ReferencePipeline$3$1.accept(Unknown Source)
at java.util.Spliterators$ArraySpliterator.tryAdvance(Unknown Source)
at java.util.stream.ReferencePipeline.forEachWithCancel(Unknown Source)
at java.util.stream.AbstractPipeline.copyIntoWithCancel(Unknown Source)
at java.util.stream.AbstractPipeline.copyInto(Unknown Source)
at java.util.stream.AbstractPipeline.wrapAndCopyInto(Unknown Source)
at java.util.stream.FindOps$FindOp.evaluateSequential(Unknown Source)
at java.util.stream.AbstractPipeline.evaluate(Unknown Source)
at java.util.stream.ReferencePipeline.findFirst(Unknown Source)
at org.openqa.selenium.remote.ProtocolHandshake.createSession(ProtocolHandshake.java:125)
at org.openqa.selenium.remote.ProtocolHandshake.createSession(ProtocolHandshake.java:73)
at org.openqa.selenium.remote.HttpCommandExecutor.execute(HttpCommandExecutor.java:136)
at org.openqa.selenium.remote.service.DriverCommandExecutor.execute(DriverCommandExecutor.java:83)
at org.openqa.selenium.remote.RemoteWebDriver.execute(RemoteWebDriver.java:548)
at org.openqa.selenium.remote.RemoteWebDriver.startSession(RemoteWebDriver.java:212)
at org.openqa.selenium.remote.RemoteWebDriver.<init>(RemoteWebDriver.java:130)
at org.openqa.selenium.chrome.ChromeDriver.<init>(ChromeDriver.java:181)
at org.openqa.selenium.chrome.ChromeDriver.<init>(ChromeDriver.java:168)
at org.openqa.selenium.chrome.ChromeDriver.<init>(ChromeDriver.java:123)
at com.ilogin.testCases.BaseClass.setup(BaseClass.java:42)
... Removed 30 stack frames]]>
    </failure>
  </testcase> <!-- @BeforeClass setup -->
  <testcase name="@AfterClass tearDown" time="0.0" classname="com.ilogin.testCases.BaseClass">
    <skipped/>
  </testcase> <!-- @AfterClass tearDown -->
  <testcase name="@BeforeClass setup" time="1.726" classname="com.ilogin.testCases.BaseClass">
    <failure type="org.openqa.selenium.SessionNotCreatedException" message="session not created: This version of ChromeDriver only supports Chrome version 88
Current browser version is 90.0.4430.212 with binary path C:\Program Files (x86)\Google\Chrome\Application\chrome.exe
Build info: version: &amp;apos;3.14.0&amp;apos;, revision: &amp;apos;aacccce0&amp;apos;, time: &amp;apos;2018-08-02T20:19:58.91Z&amp;apos;
System info: host: &amp;apos;NAINI&amp;apos;, ip: &amp;apos;192.168.2.158&amp;apos;, os.name: &amp;apos;Windows 10&amp;apos;, os.arch: &amp;apos;amd64&amp;apos;, os.version: &amp;apos;10.0&amp;apos;, java.version: &amp;apos;1.8.0_281&amp;apos;
Driver info: driver.version: ChromeDriver
remote stacktrace: Backtrace:
	GetHandleVerifier [0x00A8B963+483]
	GetHandleVerifier [0x00A8B941+449]
	GetHandleVerifier [0x00E33308+3832712]
	GetHandleVerifier [0x00E4D69A+3940122]
	GetHandleVerifier [0x00E49AFB+3924859]
	GetHandleVerifier [0x00E47D9C+3917340]
	GetHandleVerifier [0x00E6E7FE+4075646]
	GetHandleVerifier [0x00E6E56C+4074988]
	GetHandleVerifier [0x00E6B2EB+4062059]
	GetHandleVerifier [0x00E4ED14+3945876]
	GetHandleVerifier [0x00E4FBCE+3949646]
	GetHandleVerifier [0x00E4FB59+3949529]
	Ordinal0 [0x00A4B5CC+46540]
	Ordinal0 [0x00A49F53+40787]
	Ordinal0 [0x00A49B12+39698]
	GetHandleVerifier [0x00D51468+2907368]
	GetHandleVerifier [0x00B971EE+1096302]
	GetHandleVerifier [0x00B53E8D+821005]
	GetHandleVerifier [0x00B5396B+819691]
	GetHandleVerifier [0x00B53881+819457]
	GetHandleVerifier [0x00B7F463+998627]
	BaseThreadInitThunk [0x7716FA29+25]
	RtlGetAppContainerNamedObjectPath [0x77BB7A7E+286]
	RtlGetAppContainerNamedObjectPath [0x77BB7A4E+238]
">
      <![CDATA[org.openqa.selenium.SessionNotCreatedException: session not created: This version of ChromeDriver only supports Chrome version 88
Current browser version is 90.0.4430.212 with binary path C:\Program Files (x86)\Google\Chrome\Application\chrome.exe
Build info: version: '3.14.0', revision: 'aacccce0', time: '2018-08-02T20:19:58.91Z'
System info: host: 'NAINI', ip: '192.168.2.158', os.name: 'Windows 10', os.arch: 'amd64', os.version: '10.0', java.version: '1.8.0_281'
Driver info: driver.version: ChromeDriver
remote stacktrace: Backtrace:
GetHandleVerifier [0x00A8B963+483]
GetHandleVerifier [0x00A8B941+449]
GetHandleVerifier [0x00E33308+3832712]
GetHandleVerifier [0x00E4D69A+3940122]
GetHandleVerifier [0x00E49AFB+3924859]
GetHandleVerifier [0x00E47D9C+3917340]
GetHandleVerifier [0x00E6E7FE+4075646]
GetHandleVerifier [0x00E6E56C+4074988]
GetHandleVerifier [0x00E6B2EB+4062059]
GetHandleVerifier [0x00E4ED14+3945876]
GetHandleVerifier [0x00E4FBCE+3949646]
GetHandleVerifier [0x00E4FB59+3949529]
Ordinal0 [0x00A4B5CC+46540]
Ordinal0 [0x00A49F53+40787]
Ordinal0 [0x00A49B12+39698]
GetHandleVerifier [0x00D51468+2907368]
GetHandleVerifier [0x00B971EE+1096302]
GetHandleVerifier [0x00B53E8D+821005]
GetHandleVerifier [0x00B5396B+819691]
GetHandleVerifier [0x00B53881+819457]
GetHandleVerifier [0x00B7F463+998627]
BaseThreadInitThunk [0x7716FA29+25]
RtlGetAppContainerNamedObjectPath [0x77BB7A7E+286]
RtlGetAppContainerNamedObjectPath [0x77BB7A4E+238]

at org.openqa.selenium.remote.W3CHandshakeResponse.lambda$new$0(W3CHandshakeResponse.java:57)
at org.openqa.selenium.remote.W3CHandshakeResponse.lambda$getResponseFunction$2(W3CHandshakeResponse.java:104)
at org.openqa.selenium.remote.ProtocolHandshake.lambda$createSession$0(ProtocolHandshake.java:122)
at java.util.stream.ReferencePipeline$3$1.accept(Unknown Source)
at java.util.Spliterators$ArraySpliterator.tryAdvance(Unknown Source)
at java.util.stream.ReferencePipeline.forEachWithCancel(Unknown Source)
at java.util.stream.AbstractPipeline.copyIntoWithCancel(Unknown Source)
at java.util.stream.AbstractPipeline.copyInto(Unknown Source)
at java.util.stream.AbstractPipeline.wrapAndCopyInto(Unknown Source)
at java.util.stream.FindOps$FindOp.evaluateSequential(Unknown Source)
at java.util.stream.AbstractPipeline.evaluate(Unknown Source)
at java.util.stream.ReferencePipeline.findFirst(Unknown Source)
at org.openqa.selenium.remote.ProtocolHandshake.createSession(ProtocolHandshake.java:125)
at org.openqa.selenium.remote.ProtocolHandshake.createSession(ProtocolHandshake.java:73)
at org.openqa.selenium.remote.HttpCommandExecutor.execute(HttpCommandExecutor.java:136)
at org.openqa.selenium.remote.service.DriverCommandExecutor.execute(DriverCommandExecutor.java:83)
at org.openqa.selenium.remote.RemoteWebDriver.execute(RemoteWebDriver.java:548)
at org.openqa.selenium.remote.RemoteWebDriver.startSession(RemoteWebDriver.java:212)
at org.openqa.selenium.remote.RemoteWebDriver.<init>(RemoteWebDriver.java:130)
at org.openqa.selenium.chrome.ChromeDriver.<init>(ChromeDriver.java:181)
at org.openqa.selenium.chrome.ChromeDriver.<init>(ChromeDriver.java:168)
at org.openqa.selenium.chrome.ChromeDriver.<init>(ChromeDriver.java:123)
at com.ilogin.testCases.BaseClass.setup(BaseClass.java:42)
... Removed 30 stack frames]]>
    </failure>
  </testcase> <!-- @BeforeClass setup -->
  <testcase name="@AfterClass tearDown" time="0.0" classname="com.ilogin.testCases.BaseClass">
    <skipped/>
  </testcase> <!-- @AfterClass tearDown -->
  <testcase name="@BeforeClass setup" time="1.617" classname="com.ilogin.testCases.BaseClass">
    <failure type="org.openqa.selenium.SessionNotCreatedException" message="session not created: This version of ChromeDriver only supports Chrome version 88
Current browser version is 90.0.4430.212 with binary path C:\Program Files (x86)\Google\Chrome\Application\chrome.exe
Build info: version: &amp;apos;3.14.0&amp;apos;, revision: &amp;apos;aacccce0&amp;apos;, time: &amp;apos;2018-08-02T20:19:58.91Z&amp;apos;
System info: host: &amp;apos;NAINI&amp;apos;, ip: &amp;apos;192.168.2.158&amp;apos;, os.name: &amp;apos;Windows 10&amp;apos;, os.arch: &amp;apos;amd64&amp;apos;, os.version: &amp;apos;10.0&amp;apos;, java.version: &amp;apos;1.8.0_281&amp;apos;
Driver info: driver.version: ChromeDriver
remote stacktrace: Backtrace:
	GetHandleVerifier [0x00A8B963+483]
	GetHandleVerifier [0x00A8B941+449]
	GetHandleVerifier [0x00E33308+3832712]
	GetHandleVerifier [0x00E4D69A+3940122]
	GetHandleVerifier [0x00E49AFB+3924859]
	GetHandleVerifier [0x00E47D9C+3917340]
	GetHandleVerifier [0x00E6E7FE+4075646]
	GetHandleVerifier [0x00E6E56C+4074988]
	GetHandleVerifier [0x00E6B2EB+4062059]
	GetHandleVerifier [0x00E4ED14+3945876]
	GetHandleVerifier [0x00E4FBCE+3949646]
	GetHandleVerifier [0x00E4FB59+3949529]
	Ordinal0 [0x00A4B5CC+46540]
	Ordinal0 [0x00A49F53+40787]
	Ordinal0 [0x00A49B12+39698]
	GetHandleVerifier [0x00D51468+2907368]
	GetHandleVerifier [0x00B971EE+1096302]
	GetHandleVerifier [0x00B53E8D+821005]
	GetHandleVerifier [0x00B5396B+819691]
	GetHandleVerifier [0x00B53881+819457]
	GetHandleVerifier [0x00B7F463+998627]
	BaseThreadInitThunk [0x7716FA29+25]
	RtlGetAppContainerNamedObjectPath [0x77BB7A7E+286]
	RtlGetAppContainerNamedObjectPath [0x77BB7A4E+238]
">
      <![CDATA[org.openqa.selenium.SessionNotCreatedException: session not created: This version of ChromeDriver only supports Chrome version 88
Current browser version is 90.0.4430.212 with binary path C:\Program Files (x86)\Google\Chrome\Application\chrome.exe
Build info: version: '3.14.0', revision: 'aacccce0', time: '2018-08-02T20:19:58.91Z'
System info: host: 'NAINI', ip: '192.168.2.158', os.name: 'Windows 10', os.arch: 'amd64', os.version: '10.0', java.version: '1.8.0_281'
Driver info: driver.version: ChromeDriver
remote stacktrace: Backtrace:
GetHandleVerifier [0x00A8B963+483]
GetHandleVerifier [0x00A8B941+449]
GetHandleVerifier [0x00E33308+3832712]
GetHandleVerifier [0x00E4D69A+3940122]
GetHandleVerifier [0x00E49AFB+3924859]
GetHandleVerifier [0x00E47D9C+3917340]
GetHandleVerifier [0x00E6E7FE+4075646]
GetHandleVerifier [0x00E6E56C+4074988]
GetHandleVerifier [0x00E6B2EB+4062059]
GetHandleVerifier [0x00E4ED14+3945876]
GetHandleVerifier [0x00E4FBCE+3949646]
GetHandleVerifier [0x00E4FB59+3949529]
Ordinal0 [0x00A4B5CC+46540]
Ordinal0 [0x00A49F53+40787]
Ordinal0 [0x00A49B12+39698]
GetHandleVerifier [0x00D51468+2907368]
GetHandleVerifier [0x00B971EE+1096302]
GetHandleVerifier [0x00B53E8D+821005]
GetHandleVerifier [0x00B5396B+819691]
GetHandleVerifier [0x00B53881+819457]
GetHandleVerifier [0x00B7F463+998627]
BaseThreadInitThunk [0x7716FA29+25]
RtlGetAppContainerNamedObjectPath [0x77BB7A7E+286]
RtlGetAppContainerNamedObjectPath [0x77BB7A4E+238]

at org.openqa.selenium.remote.W3CHandshakeResponse.lambda$new$0(W3CHandshakeResponse.java:57)
at org.openqa.selenium.remote.W3CHandshakeResponse.lambda$getResponseFunction$2(W3CHandshakeResponse.java:104)
at org.openqa.selenium.remote.ProtocolHandshake.lambda$createSession$0(ProtocolHandshake.java:122)
at java.util.stream.ReferencePipeline$3$1.accept(Unknown Source)
at java.util.Spliterators$ArraySpliterator.tryAdvance(Unknown Source)
at java.util.stream.ReferencePipeline.forEachWithCancel(Unknown Source)
at java.util.stream.AbstractPipeline.copyIntoWithCancel(Unknown Source)
at java.util.stream.AbstractPipeline.copyInto(Unknown Source)
at java.util.stream.AbstractPipeline.wrapAndCopyInto(Unknown Source)
at java.util.stream.FindOps$FindOp.evaluateSequential(Unknown Source)
at java.util.stream.AbstractPipeline.evaluate(Unknown Source)
at java.util.stream.ReferencePipeline.findFirst(Unknown Source)
at org.openqa.selenium.remote.ProtocolHandshake.createSession(ProtocolHandshake.java:125)
at org.openqa.selenium.remote.ProtocolHandshake.createSession(ProtocolHandshake.java:73)
at org.openqa.selenium.remote.HttpCommandExecutor.execute(HttpCommandExecutor.java:136)
at org.openqa.selenium.remote.service.DriverCommandExecutor.execute(DriverCommandExecutor.java:83)
at org.openqa.selenium.remote.RemoteWebDriver.execute(RemoteWebDriver.java:548)
at org.openqa.selenium.remote.RemoteWebDriver.startSession(RemoteWebDriver.java:212)
at org.openqa.selenium.remote.RemoteWebDriver.<init>(RemoteWebDriver.java:130)
at org.openqa.selenium.chrome.ChromeDriver.<init>(ChromeDriver.java:181)
at org.openqa.selenium.chrome.ChromeDriver.<init>(ChromeDriver.java:168)
at org.openqa.selenium.chrome.ChromeDriver.<init>(ChromeDriver.java:123)
at com.ilogin.testCases.BaseClass.setup(BaseClass.java:42)
... Removed 30 stack frames]]>
    </failure>
  </testcase> <!-- @BeforeClass setup -->
  <testcase name="@AfterClass tearDown" time="0.0" classname="com.ilogin.testCases.BaseClass">
    <skipped/>
  </testcase> <!-- @AfterClass tearDown -->
  <testcase name="@BeforeClass setup" time="1.763" classname="com.ilogin.testCases.BaseClass">
    <failure type="org.openqa.selenium.SessionNotCreatedException" message="session not created: This version of ChromeDriver only supports Chrome version 88
Current browser version is 90.0.4430.212 with binary path C:\Program Files (x86)\Google\Chrome\Application\chrome.exe
Build info: version: &amp;apos;3.14.0&amp;apos;, revision: &amp;apos;aacccce0&amp;apos;, time: &amp;apos;2018-08-02T20:19:58.91Z&amp;apos;
System info: host: &amp;apos;NAINI&amp;apos;, ip: &amp;apos;192.168.2.158&amp;apos;, os.name: &amp;apos;Windows 10&amp;apos;, os.arch: &amp;apos;amd64&amp;apos;, os.version: &amp;apos;10.0&amp;apos;, java.version: &amp;apos;1.8.0_281&amp;apos;
Driver info: driver.version: ChromeDriver
remote stacktrace: Backtrace:
	GetHandleVerifier [0x00A8B963+483]
	GetHandleVerifier [0x00A8B941+449]
	GetHandleVerifier [0x00E33308+3832712]
	GetHandleVerifier [0x00E4D69A+3940122]
	GetHandleVerifier [0x00E49AFB+3924859]
	GetHandleVerifier [0x00E47D9C+3917340]
	GetHandleVerifier [0x00E6E7FE+4075646]
	GetHandleVerifier [0x00E6E56C+4074988]
	GetHandleVerifier [0x00E6B2EB+4062059]
	GetHandleVerifier [0x00E4ED14+3945876]
	GetHandleVerifier [0x00E4FBCE+3949646]
	GetHandleVerifier [0x00E4FB59+3949529]
	Ordinal0 [0x00A4B5CC+46540]
	Ordinal0 [0x00A49F53+40787]
	Ordinal0 [0x00A49B12+39698]
	GetHandleVerifier [0x00D51468+2907368]
	GetHandleVerifier [0x00B971EE+1096302]
	GetHandleVerifier [0x00B53E8D+821005]
	GetHandleVerifier [0x00B5396B+819691]
	GetHandleVerifier [0x00B53881+819457]
	GetHandleVerifier [0x00B7F463+998627]
	BaseThreadInitThunk [0x7716FA29+25]
	RtlGetAppContainerNamedObjectPath [0x77BB7A7E+286]
	RtlGetAppContainerNamedObjectPath [0x77BB7A4E+238]
">
      <![CDATA[org.openqa.selenium.SessionNotCreatedException: session not created: This version of ChromeDriver only supports Chrome version 88
Current browser version is 90.0.4430.212 with binary path C:\Program Files (x86)\Google\Chrome\Application\chrome.exe
Build info: version: '3.14.0', revision: 'aacccce0', time: '2018-08-02T20:19:58.91Z'
System info: host: 'NAINI', ip: '192.168.2.158', os.name: 'Windows 10', os.arch: 'amd64', os.version: '10.0', java.version: '1.8.0_281'
Driver info: driver.version: ChromeDriver
remote stacktrace: Backtrace:
GetHandleVerifier [0x00A8B963+483]
GetHandleVerifier [0x00A8B941+449]
GetHandleVerifier [0x00E33308+3832712]
GetHandleVerifier [0x00E4D69A+3940122]
GetHandleVerifier [0x00E49AFB+3924859]
GetHandleVerifier [0x00E47D9C+3917340]
GetHandleVerifier [0x00E6E7FE+4075646]
GetHandleVerifier [0x00E6E56C+4074988]
GetHandleVerifier [0x00E6B2EB+4062059]
GetHandleVerifier [0x00E4ED14+3945876]
GetHandleVerifier [0x00E4FBCE+3949646]
GetHandleVerifier [0x00E4FB59+3949529]
Ordinal0 [0x00A4B5CC+46540]
Ordinal0 [0x00A49F53+40787]
Ordinal0 [0x00A49B12+39698]
GetHandleVerifier [0x00D51468+2907368]
GetHandleVerifier [0x00B971EE+1096302]
GetHandleVerifier [0x00B53E8D+821005]
GetHandleVerifier [0x00B5396B+819691]
GetHandleVerifier [0x00B53881+819457]
GetHandleVerifier [0x00B7F463+998627]
BaseThreadInitThunk [0x7716FA29+25]
RtlGetAppContainerNamedObjectPath [0x77BB7A7E+286]
RtlGetAppContainerNamedObjectPath [0x77BB7A4E+238]

at org.openqa.selenium.remote.W3CHandshakeResponse.lambda$new$0(W3CHandshakeResponse.java:57)
at org.openqa.selenium.remote.W3CHandshakeResponse.lambda$getResponseFunction$2(W3CHandshakeResponse.java:104)
at org.openqa.selenium.remote.ProtocolHandshake.lambda$createSession$0(ProtocolHandshake.java:122)
at java.util.stream.ReferencePipeline$3$1.accept(Unknown Source)
at java.util.Spliterators$ArraySpliterator.tryAdvance(Unknown Source)
at java.util.stream.ReferencePipeline.forEachWithCancel(Unknown Source)
at java.util.stream.AbstractPipeline.copyIntoWithCancel(Unknown Source)
at java.util.stream.AbstractPipeline.copyInto(Unknown Source)
at java.util.stream.AbstractPipeline.wrapAndCopyInto(Unknown Source)
at java.util.stream.FindOps$FindOp.evaluateSequential(Unknown Source)
at java.util.stream.AbstractPipeline.evaluate(Unknown Source)
at java.util.stream.ReferencePipeline.findFirst(Unknown Source)
at org.openqa.selenium.remote.ProtocolHandshake.createSession(ProtocolHandshake.java:125)
at org.openqa.selenium.remote.ProtocolHandshake.createSession(ProtocolHandshake.java:73)
at org.openqa.selenium.remote.HttpCommandExecutor.execute(HttpCommandExecutor.java:136)
at org.openqa.selenium.remote.service.DriverCommandExecutor.execute(DriverCommandExecutor.java:83)
at org.openqa.selenium.remote.RemoteWebDriver.execute(RemoteWebDriver.java:548)
at org.openqa.selenium.remote.RemoteWebDriver.startSession(RemoteWebDriver.java:212)
at org.openqa.selenium.remote.RemoteWebDriver.<init>(RemoteWebDriver.java:130)
at org.openqa.selenium.chrome.ChromeDriver.<init>(ChromeDriver.java:181)
at org.openqa.selenium.chrome.ChromeDriver.<init>(ChromeDriver.java:168)
at org.openqa.selenium.chrome.ChromeDriver.<init>(ChromeDriver.java:123)
at com.ilogin.testCases.BaseClass.setup(BaseClass.java:42)
... Removed 30 stack frames]]>
    </failure>
  </testcase> <!-- @BeforeClass setup -->
  <testcase name="@AfterClass tearDown" time="0.0" classname="com.ilogin.testCases.BaseClass">
    <skipped/>
  </testcase> <!-- @AfterClass tearDown -->
  <testcase name="@BeforeClass setup" time="1.724" classname="com.ilogin.testCases.BaseClass">
    <failure type="org.openqa.selenium.SessionNotCreatedException" message="session not created: This version of ChromeDriver only supports Chrome version 88
Current browser version is 90.0.4430.212 with binary path C:\Program Files (x86)\Google\Chrome\Application\chrome.exe
Build info: version: &amp;apos;3.14.0&amp;apos;, revision: &amp;apos;aacccce0&amp;apos;, time: &amp;apos;2018-08-02T20:19:58.91Z&amp;apos;
System info: host: &amp;apos;NAINI&amp;apos;, ip: &amp;apos;192.168.2.158&amp;apos;, os.name: &amp;apos;Windows 10&amp;apos;, os.arch: &amp;apos;amd64&amp;apos;, os.version: &amp;apos;10.0&amp;apos;, java.version: &amp;apos;1.8.0_281&amp;apos;
Driver info: driver.version: ChromeDriver
remote stacktrace: Backtrace:
	GetHandleVerifier [0x00A8B963+483]
	GetHandleVerifier [0x00A8B941+449]
	GetHandleVerifier [0x00E33308+3832712]
	GetHandleVerifier [0x00E4D69A+3940122]
	GetHandleVerifier [0x00E49AFB+3924859]
	GetHandleVerifier [0x00E47D9C+3917340]
	GetHandleVerifier [0x00E6E7FE+4075646]
	GetHandleVerifier [0x00E6E56C+4074988]
	GetHandleVerifier [0x00E6B2EB+4062059]
	GetHandleVerifier [0x00E4ED14+3945876]
	GetHandleVerifier [0x00E4FBCE+3949646]
	GetHandleVerifier [0x00E4FB59+3949529]
	Ordinal0 [0x00A4B5CC+46540]
	Ordinal0 [0x00A49F53+40787]
	Ordinal0 [0x00A49B12+39698]
	GetHandleVerifier [0x00D51468+2907368]
	GetHandleVerifier [0x00B971EE+1096302]
	GetHandleVerifier [0x00B53E8D+821005]
	GetHandleVerifier [0x00B5396B+819691]
	GetHandleVerifier [0x00B53881+819457]
	GetHandleVerifier [0x00B7F463+998627]
	BaseThreadInitThunk [0x7716FA29+25]
	RtlGetAppContainerNamedObjectPath [0x77BB7A7E+286]
	RtlGetAppContainerNamedObjectPath [0x77BB7A4E+238]
">
      <![CDATA[org.openqa.selenium.SessionNotCreatedException: session not created: This version of ChromeDriver only supports Chrome version 88
Current browser version is 90.0.4430.212 with binary path C:\Program Files (x86)\Google\Chrome\Application\chrome.exe
Build info: version: '3.14.0', revision: 'aacccce0', time: '2018-08-02T20:19:58.91Z'
System info: host: 'NAINI', ip: '192.168.2.158', os.name: 'Windows 10', os.arch: 'amd64', os.version: '10.0', java.version: '1.8.0_281'
Driver info: driver.version: ChromeDriver
remote stacktrace: Backtrace:
GetHandleVerifier [0x00A8B963+483]
GetHandleVerifier [0x00A8B941+449]
GetHandleVerifier [0x00E33308+3832712]
GetHandleVerifier [0x00E4D69A+3940122]
GetHandleVerifier [0x00E49AFB+3924859]
GetHandleVerifier [0x00E47D9C+3917340]
GetHandleVerifier [0x00E6E7FE+4075646]
GetHandleVerifier [0x00E6E56C+4074988]
GetHandleVerifier [0x00E6B2EB+4062059]
GetHandleVerifier [0x00E4ED14+3945876]
GetHandleVerifier [0x00E4FBCE+3949646]
GetHandleVerifier [0x00E4FB59+3949529]
Ordinal0 [0x00A4B5CC+46540]
Ordinal0 [0x00A49F53+40787]
Ordinal0 [0x00A49B12+39698]
GetHandleVerifier [0x00D51468+2907368]
GetHandleVerifier [0x00B971EE+1096302]
GetHandleVerifier [0x00B53E8D+821005]
GetHandleVerifier [0x00B5396B+819691]
GetHandleVerifier [0x00B53881+819457]
GetHandleVerifier [0x00B7F463+998627]
BaseThreadInitThunk [0x7716FA29+25]
RtlGetAppContainerNamedObjectPath [0x77BB7A7E+286]
RtlGetAppContainerNamedObjectPath [0x77BB7A4E+238]

at org.openqa.selenium.remote.W3CHandshakeResponse.lambda$new$0(W3CHandshakeResponse.java:57)
at org.openqa.selenium.remote.W3CHandshakeResponse.lambda$getResponseFunction$2(W3CHandshakeResponse.java:104)
at org.openqa.selenium.remote.ProtocolHandshake.lambda$createSession$0(ProtocolHandshake.java:122)
at java.util.stream.ReferencePipeline$3$1.accept(Unknown Source)
at java.util.Spliterators$ArraySpliterator.tryAdvance(Unknown Source)
at java.util.stream.ReferencePipeline.forEachWithCancel(Unknown Source)
at java.util.stream.AbstractPipeline.copyIntoWithCancel(Unknown Source)
at java.util.stream.AbstractPipeline.copyInto(Unknown Source)
at java.util.stream.AbstractPipeline.wrapAndCopyInto(Unknown Source)
at java.util.stream.FindOps$FindOp.evaluateSequential(Unknown Source)
at java.util.stream.AbstractPipeline.evaluate(Unknown Source)
at java.util.stream.ReferencePipeline.findFirst(Unknown Source)
at org.openqa.selenium.remote.ProtocolHandshake.createSession(ProtocolHandshake.java:125)
at org.openqa.selenium.remote.ProtocolHandshake.createSession(ProtocolHandshake.java:73)
at org.openqa.selenium.remote.HttpCommandExecutor.execute(HttpCommandExecutor.java:136)
at org.openqa.selenium.remote.service.DriverCommandExecutor.execute(DriverCommandExecutor.java:83)
at org.openqa.selenium.remote.RemoteWebDriver.execute(RemoteWebDriver.java:548)
at org.openqa.selenium.remote.RemoteWebDriver.startSession(RemoteWebDriver.java:212)
at org.openqa.selenium.remote.RemoteWebDriver.<init>(RemoteWebDriver.java:130)
at org.openqa.selenium.chrome.ChromeDriver.<init>(ChromeDriver.java:181)
at org.openqa.selenium.chrome.ChromeDriver.<init>(ChromeDriver.java:168)
at org.openqa.selenium.chrome.ChromeDriver.<init>(ChromeDriver.java:123)
at com.ilogin.testCases.BaseClass.setup(BaseClass.java:42)
... Removed 30 stack frames]]>
    </failure>
  </testcase> <!-- @BeforeClass setup -->
  <testcase name="@AfterClass tearDown" time="0.0" classname="com.ilogin.testCases.BaseClass">
    <skipped/>
  </testcase> <!-- @AfterClass tearDown -->
  <testcase name="loginTest" time="0.0" classname="com.ilogin.testCases.TC_LoginTest_001">
    <skipped/>
  </testcase> <!-- loginTest -->
  <testcase name="loginDDT" time="0.0" classname="com.ilogin.testCases.TC_LoginTest_002">
    <skipped/>
  </testcase> <!-- loginDDT -->
  <testcase name="loginDDT" time="0.0" classname="com.ilogin.testCases.TC_LoginTest_002">
    <skipped/>
  </testcase> <!-- loginDDT -->
  <testcase name="loginDDT" time="0.0" classname="com.ilogin.testCases.TC_LoginTest_002">
    <skipped/>
  </testcase> <!-- loginDDT -->
  <testcase name="loginDDT" time="0.0" classname="com.ilogin.testCases.TC_LoginTest_002">
    <skipped/>
  </testcase> <!-- loginDDT -->
  <testcase name="loginDDT" time="0.0" classname="com.ilogin.testCases.TC_LoginTest_002">
    <skipped/>
  </testcase> <!-- loginDDT -->
  <testcase name="loginDDT" time="0.0" classname="com.ilogin.testCases.TC_LoginTest_002">
    <skipped/>
  </testcase> <!-- loginDDT -->
  <testcase name="loginDDT" time="0.0" classname="com.ilogin.testCases.TC_LoginTest_002">
    <skipped/>
  </testcase> <!-- loginDDT -->
  <testcase name="loginDDT" time="0.0" classname="com.ilogin.testCases.TC_LoginTest_002">
    <skipped/>
  </testcase> <!-- loginDDT -->
  <testcase name="loginDDT" time="0.0" classname="com.ilogin.testCases.TC_LoginTest_002">
    <skipped/>
  </testcase> <!-- loginDDT -->
  <testcase name="loginDDT" time="0.0" classname="com.ilogin.testCases.TC_LoginTest_002">
    <skipped/>
  </testcase> <!-- loginDDT -->
  <testcase name="maskPwd" time="0.0" classname="com.ilogin.testCases.TC_LoginTest_003">
    <skipped/>
  </testcase> <!-- maskPwd -->
  <testcase name="browserNav" time="0.0" classname="com.ilogin.testCases.TC_LoginTest_004">
    <skipped/>
  </testcase> <!-- browserNav -->
  <testcase name="landingPage" time="0.0" classname="com.ilogin.testCases.TC_LoginTest_005">
    <skipped/>
  </testcase> <!-- landingPage -->
  <testcase name="landingPage" time="0.0" classname="com.ilogin.testCases.TC_LoginTest_006">
    <skipped/>
  </testcase> <!-- landingPage -->
</testsuite> <!-- Login Test Chrome -->
