<?xml version="1.0" encoding="UTF-8"?>
<!-- Generated by org.testng.reporters.JUnitReportReporter -->
<testsuite skipped="1" hostname="NAINI" name="com.ilogin.testCases.TC_LoginTest_004" tests="3" failures="0" timestamp="19 May 2021 23:29:48 GMT" time="6.303" errors="1">
  <testcase name="setup" time="1.617" classname="com.ilogin.testCases.TC_LoginTest_004">
    <error type="org.openqa.selenium.SessionNotCreatedException" message="session not created: This version of ChromeDriver only supports Chrome version 88
Current browser version is 90.0.4430.212 with binary path C:\Program Files (x86)\Google\Chrome\Application\chrome.exe
Build info: version: &#039;3.14.0&#039;, revision: &#039;aacccce0&#039;, time: &#039;2018-08-02T20:19:58.91Z&#039;
System info: host: &#039;NAINI&#039;, ip: &#039;192.168.2.158&#039;, os.name: &#039;Windows 10&#039;, os.arch: &#039;amd64&#039;, os.version: &#039;10.0&#039;, java.version: &#039;1.8.0_281&#039;
Driver info: driver.version: ChromeDriver
remote stacktrace: Backtrace:
	GetHandleVerifier [0x00A8B963+483]
	GetHandleVerifier [0x00A8B941+449]
	GetHandleVerifier [0x00E33308+3832712]
	GetHandleVerifier [0x00E4D69A+3940122]
	GetHandleVerifier [0x00E49AFB+3924859]
	GetHandleVerifier [0x00E47D9C+3917340]
	GetHandleVerifier [0x00E6E7FE+4075646]
	GetHandleVerifier [0x00E6E56C+4074988]
	GetHandleVerifier [0x00E6B2EB+4062059]
	GetHandleVerifier [0x00E4ED14+3945876]
	GetHandleVerifier [0x00E4FBCE+3949646]
	GetHandleVerifier [0x00E4FB59+3949529]
	Ordinal0 [0x00A4B5CC+46540]
	Ordinal0 [0x00A49F53+40787]
	Ordinal0 [0x00A49B12+39698]
	GetHandleVerifier [0x00D51468+2907368]
	GetHandleVerifier [0x00B971EE+1096302]
	GetHandleVerifier [0x00B53E8D+821005]
	GetHandleVerifier [0x00B5396B+819691]
	GetHandleVerifier [0x00B53881+819457]
	GetHandleVerifier [0x00B7F463+998627]
	BaseThreadInitThunk [0x7716FA29+25]
	RtlGetAppContainerNamedObjectPath [0x77BB7A7E+286]
	RtlGetAppContainerNamedObjectPath [0x77BB7A4E+238]
">
      <![CDATA[org.openqa.selenium.SessionNotCreatedException: session not created: This version of ChromeDriver only supports Chrome version 88
Current browser version is 90.0.4430.212 with binary path C:\Program Files (x86)\Google\Chrome\Application\chrome.exe
Build info: version: '3.14.0', revision: 'aacccce0', time: '2018-08-02T20:19:58.91Z'
System info: host: 'NAINI', ip: '192.168.2.158', os.name: 'Windows 10', os.arch: 'amd64', os.version: '10.0', java.version: '1.8.0_281'
Driver info: driver.version: ChromeDriver
remote stacktrace: Backtrace:
GetHandleVerifier [0x00A8B963+483]
GetHandleVerifier [0x00A8B941+449]
GetHandleVerifier [0x00E33308+3832712]
GetHandleVerifier [0x00E4D69A+3940122]
GetHandleVerifier [0x00E49AFB+3924859]
GetHandleVerifier [0x00E47D9C+3917340]
GetHandleVerifier [0x00E6E7FE+4075646]
GetHandleVerifier [0x00E6E56C+4074988]
GetHandleVerifier [0x00E6B2EB+4062059]
GetHandleVerifier [0x00E4ED14+3945876]
GetHandleVerifier [0x00E4FBCE+3949646]
GetHandleVerifier [0x00E4FB59+3949529]
Ordinal0 [0x00A4B5CC+46540]
Ordinal0 [0x00A49F53+40787]
Ordinal0 [0x00A49B12+39698]
GetHandleVerifier [0x00D51468+2907368]
GetHandleVerifier [0x00B971EE+1096302]
GetHandleVerifier [0x00B53E8D+821005]
GetHandleVerifier [0x00B5396B+819691]
GetHandleVerifier [0x00B53881+819457]
GetHandleVerifier [0x00B7F463+998627]
BaseThreadInitThunk [0x7716FA29+25]
RtlGetAppContainerNamedObjectPath [0x77BB7A7E+286]
RtlGetAppContainerNamedObjectPath [0x77BB7A4E+238]

at sun.reflect.NativeConstructorAccessorImpl.newInstance0(Native Method)
at sun.reflect.NativeConstructorAccessorImpl.newInstance(Unknown Source)
at sun.reflect.DelegatingConstructorAccessorImpl.newInstance(Unknown Source)
at java.lang.reflect.Constructor.newInstance(Unknown Source)
at org.openqa.selenium.remote.W3CHandshakeResponse.lambda$new$0(W3CHandshakeResponse.java:57)
at org.openqa.selenium.remote.W3CHandshakeResponse.lambda$getResponseFunction$2(W3CHandshakeResponse.java:104)
at org.openqa.selenium.remote.ProtocolHandshake.lambda$createSession$0(ProtocolHandshake.java:122)
at java.util.stream.ReferencePipeline$3$1.accept(Unknown Source)
at java.util.Spliterators$ArraySpliterator.tryAdvance(Unknown Source)
at java.util.stream.ReferencePipeline.forEachWithCancel(Unknown Source)
at java.util.stream.AbstractPipeline.copyIntoWithCancel(Unknown Source)
at java.util.stream.AbstractPipeline.copyInto(Unknown Source)
at java.util.stream.AbstractPipeline.wrapAndCopyInto(Unknown Source)
at java.util.stream.FindOps$FindOp.evaluateSequential(Unknown Source)
at java.util.stream.AbstractPipeline.evaluate(Unknown Source)
at java.util.stream.ReferencePipeline.findFirst(Unknown Source)
at org.openqa.selenium.remote.ProtocolHandshake.createSession(ProtocolHandshake.java:125)
at org.openqa.selenium.remote.ProtocolHandshake.createSession(ProtocolHandshake.java:73)
at org.openqa.selenium.remote.HttpCommandExecutor.execute(HttpCommandExecutor.java:136)
at org.openqa.selenium.remote.service.DriverCommandExecutor.execute(DriverCommandExecutor.java:83)
at org.openqa.selenium.remote.RemoteWebDriver.execute(RemoteWebDriver.java:548)
at org.openqa.selenium.remote.RemoteWebDriver.startSession(RemoteWebDriver.java:212)
at org.openqa.selenium.remote.RemoteWebDriver.<init>(RemoteWebDriver.java:130)
at org.openqa.selenium.chrome.ChromeDriver.<init>(ChromeDriver.java:181)
at org.openqa.selenium.chrome.ChromeDriver.<init>(ChromeDriver.java:168)
at org.openqa.selenium.chrome.ChromeDriver.<init>(ChromeDriver.java:123)
at com.ilogin.testCases.BaseClass.setup(BaseClass.java:42)
at sun.reflect.NativeMethodAccessorImpl.invoke0(Native Method)
at sun.reflect.NativeMethodAccessorImpl.invoke(Unknown Source)
at sun.reflect.DelegatingMethodAccessorImpl.invoke(Unknown Source)
at java.lang.reflect.Method.invoke(Unknown Source)
at org.testng.internal.MethodInvocationHelper.invokeMethod(MethodInvocationHelper.java:124)
at org.testng.internal.MethodInvocationHelper.invokeMethodConsideringTimeout(MethodInvocationHelper.java:59)
at org.testng.internal.Invoker.invokeConfigurationMethod(Invoker.java:458)
at org.testng.internal.Invoker.invokeConfigurations(Invoker.java:222)
at org.testng.internal.Invoker.invokeConfigurations(Invoker.java:142)
at org.testng.internal.TestMethodWorker.invokeBeforeClassMethods(TestMethodWorker.java:168)
at org.testng.internal.TestMethodWorker.run(TestMethodWorker.java:105)
at org.testng.TestRunner.privateRun(TestRunner.java:648)
at org.testng.TestRunner.run(TestRunner.java:505)
at org.testng.SuiteRunner.runTest(SuiteRunner.java:455)
at org.testng.SuiteRunner.runSequentially(SuiteRunner.java:450)
at org.testng.SuiteRunner.privateRun(SuiteRunner.java:415)
at org.testng.SuiteRunner.run(SuiteRunner.java:364)
at org.testng.SuiteRunnerWorker.runSuite(SuiteRunnerWorker.java:52)
at org.testng.SuiteRunnerWorker.run(SuiteRunnerWorker.java:84)
at org.testng.TestNG.runSuitesSequentially(TestNG.java:1208)
at org.testng.TestNG.runSuitesLocally(TestNG.java:1137)
at org.testng.TestNG.runSuites(TestNG.java:1049)
at org.testng.TestNG.run(TestNG.java:1017)
at org.testng.remote.AbstractRemoteTestNG.run(AbstractRemoteTestNG.java:114)
at org.testng.remote.RemoteTestNG.initAndRun(RemoteTestNG.java:251)
at org.testng.remote.RemoteTestNG.main(RemoteTestNG.java:77)
]]>
    </error>
  </testcase> <!-- setup -->
  <testcase name="browserNav" time="0.000" classname="com.ilogin.testCases.TC_LoginTest_004">
    <skipped/>
  </testcase> <!-- browserNav -->
  <testcase name="browserNav" time="4.686" classname="com.ilogin.testCases.TC_LoginTest_004"/>
</testsuite> <!-- com.ilogin.testCases.TC_LoginTest_004 -->
